<?xml version="1.0" encoding="UTF-8"?>
<!-- Generated by org.testng.reporters.JUnitReportReporter -->
<testsuite hostname="DESKTOP-3JCFL5N" failures="0" tests="2" name="TestNG.Emailabel_Report" time="0.046" errors="0" timestamp="2022-10-07T11:41:02 IST" skipped="0">
  <testcase classname="TestNG.Emailabel_Report" name="Google_Title" time="0.037"/>
  <system-out>
    <![CDATA[Running test case]]>
  </system-out>
  <testcase classname="TestNG.Emailabel_Report" name="SearchPage" time="0.009"/>
  <system-out>
    <![CDATA[Running Search]]>
  </system-out>
</testsuite> <!-- TestNG.Emailabel_Report -->
