<?xml version="1.0" encoding="UTF-8"?>
<!-- Generated by org.testng.reporters.JUnitReportReporter -->
<testsuite hostname="DESKTOP-3JCFL5N" failures="0" tests="1" name="Parametrization_Using_TestNG.Access_Data_Using_Xml_using_Parametr" time="80.615" errors="0" timestamp="2022-10-09T14:19:39 IST" skipped="0">
  <testcase classname="Parametrization_Using_TestNG.Access_Data_Using_Xml_using_Parametr" name="LoginTest" time="80.615"/>
  <system-out/>
</testsuite> <!-- Parametrization_Using_TestNG.Access_Data_Using_Xml_using_Parametr -->
