<?xml version="1.0" encoding="UTF-8"?>
<!-- Generated by org.testng.reporters.JUnitReportReporter -->
<testsuite hostname="DESKTOP-3JCFL5N" failures="0" tests="2" name="Assertion.Hard_assert_kite" time="20.467" errors="0" timestamp="2022-10-09T13:50:22 IST" skipped="0">
  <testcase classname="Assertion.Hard_assert_kite" name="Username" time="13.265"/>
  <system-out/>
  <testcase classname="Assertion.Hard_assert_kite" name="Kitelogin" time="7.202"/>
  <system-out/>
</testsuite> <!-- Assertion.Hard_assert_kite -->
