<?xml version="1.0" encoding="UTF-8"?>
<!-- Generated by org.testng.reporters.JUnitReportReporter -->
<testsuite hostname="DESKTOP-3JCFL5N" failures="0" tests="2" name="Cross_Browser.Cross_Browser_Testing" time="90.113" errors="0" timestamp="2022-10-10T09:58:47 IST" skipped="0">
  <testcase classname="Cross_Browser.Cross_Browser_Testing" name="BrowserTest" time="40.448"/>
  <system-out/>
  <testcase classname="Cross_Browser.Cross_Browser_Testing" name="BrowserTest" time="49.665"/>
  <system-out/>
</testsuite> <!-- Cross_Browser.Cross_Browser_Testing -->
