<?xml version="1.0" encoding="UTF-8"?>
<!-- Generated by org.testng.reporters.JUnitReportReporter -->
<testsuite hostname="DESKTOP-3JCFL5N" failures="0" tests="1" name="ParallelTesting.Test3" time="58.615" errors="0" timestamp="2022-10-09T13:14:13 IST" skipped="0">
  <testcase classname="ParallelTesting.Test3" name="Module1_Setup" time="58.615"/>
  <system-out/>
</testsuite> <!-- ParallelTesting.Test3 -->
