<?xml version="1.0" encoding="UTF-8"?>
<!-- Generated by org.testng.reporters.JUnitReportReporter -->
<testsuite hostname="DESKTOP-3JCFL5N" failures="0" tests="20" name="TestNG_Keywords.InvocationCount_Keyword" time="0.047" errors="0" timestamp="2022-10-08T17:38:45 IST" skipped="0">
  <testcase classname="TestNG_Keywords.InvocationCount_Keyword" name="Addition" time="0.001"/>
  <system-out/>
  <testcase classname="TestNG_Keywords.InvocationCount_Keyword" name="Addition" time="0.000"/>
  <system-out/>
  <testcase classname="TestNG_Keywords.InvocationCount_Keyword" name="Addition" time="0.003"/>
  <system-out/>
  <testcase classname="TestNG_Keywords.InvocationCount_Keyword" name="Addition" time="0.001"/>
  <system-out/>
  <testcase classname="TestNG_Keywords.InvocationCount_Keyword" name="Addition" time="0.003"/>
  <system-out/>
  <testcase classname="TestNG_Keywords.InvocationCount_Keyword" name="Addition" time="0.003"/>
  <system-out/>
  <testcase classname="TestNG_Keywords.InvocationCount_Keyword" name="Addition" time="0.001"/>
  <system-out/>
  <testcase classname="TestNG_Keywords.InvocationCount_Keyword" name="Addition" time="0.003"/>
  <system-out/>
  <testcase classname="TestNG_Keywords.InvocationCount_Keyword" name="Addition" time="0.003"/>
  <system-out/>
  <testcase classname="TestNG_Keywords.InvocationCount_Keyword" name="Addition" time="0.001"/>
  <system-out/>
  <testcase classname="TestNG_Keywords.InvocationCount_Keyword" name="Addition" time="0.002"/>
  <system-out/>
  <testcase classname="TestNG_Keywords.InvocationCount_Keyword" name="Addition" time="0.001"/>
  <system-out/>
  <testcase classname="TestNG_Keywords.InvocationCount_Keyword" name="Addition" time="0.004"/>
  <system-out/>
  <testcase classname="TestNG_Keywords.InvocationCount_Keyword" name="Addition" time="0.009"/>
  <system-out/>
  <testcase classname="TestNG_Keywords.InvocationCount_Keyword" name="Addition" time="0.001"/>
  <system-out/>
  <testcase classname="TestNG_Keywords.InvocationCount_Keyword" name="Addition" time="0.001"/>
  <system-out/>
  <testcase classname="TestNG_Keywords.InvocationCount_Keyword" name="Addition" time="0.003"/>
  <system-out/>
  <testcase classname="TestNG_Keywords.InvocationCount_Keyword" name="Addition" time="0.004"/>
  <system-out/>
  <testcase classname="TestNG_Keywords.InvocationCount_Keyword" name="Addition" time="0.001"/>
  <system-out/>
  <testcase classname="TestNG_Keywords.InvocationCount_Keyword" name="Addition" time="0.002"/>
  <system-out/>
</testsuite> <!-- TestNG_Keywords.InvocationCount_Keyword -->
