<?xml version="1.0" encoding="UTF-8"?>
<!-- Generated by org.testng.reporters.JUnitReportReporter -->
<testsuite hostname="DESKTOP-3JCFL5N" failures="0" tests="3" name="TestNG_Keywords.Enabled_Keyword" time="17.215" errors="0" timestamp="2022-10-08T17:38:45 IST" skipped="1">
  <testcase classname="TestNG_Keywords.Enabled_Keyword" name="Kite_Login_Title" time="7.193"/>
  <system-out/>
  <testcase classname="TestNG_Keywords.Enabled_Keyword" name="Forget_User_Test" time="10.022"/>
  <system-out/>
  <testcase classname="TestNG_Keywords.Enabled_Keyword" name="Kite_Logo_Test">
    <skipped/>
  </testcase> <!-- Kite_Logo_Test -->
  <system-out/>
</testsuite> <!-- TestNG_Keywords.Enabled_Keyword -->
