<?xml version="1.0" encoding="UTF-8"?>
<!-- Generated by org.testng.reporters.JUnitReportReporter -->
<testsuite hostname="DESKTOP-3JCFL5N" failures="0" tests="3" name="TestNG.Kite_Test_Annotation" time="84.195" errors="0" timestamp="2022-10-07T10:15:41 IST" skipped="0">
  <testcase classname="TestNG.Kite_Test_Annotation" name="Forget_User_Test" time="24.394"/>
  <system-out/>
  <testcase classname="TestNG.Kite_Test_Annotation" name="kite_login_page_Title" time="34.809"/>
  <system-out/>
  <testcase classname="TestNG.Kite_Test_Annotation" name="Kite_Logo" time="24.992"/>
  <system-out/>
</testsuite> <!-- TestNG.Kite_Test_Annotation -->
