<?xml version="1.0" encoding="UTF-8"?>
<!-- Generated by org.testng.reporters.JUnitReportReporter -->
<testsuite hostname="DESKTOP-3JCFL5N" failures="0" tests="1" name="TestNG_Keywords.Expected_Exception_Keyword" time="0.051" errors="0" timestamp="2022-10-07T11:40:27 IST" skipped="0">
  <testcase classname="TestNG_Keywords.Expected_Exception_Keyword" name="Test" time="0.051"/>
  <system-out/>
</testsuite> <!-- TestNG_Keywords.Expected_Exception_Keyword -->
