<?xml version="1.0" encoding="UTF-8"?>
<!-- Generated by org.testng.reporters.JUnitReportReporter -->
<testsuite hostname="DESKTOP-3JCFL5N" failures="0" tests="3" name="TestNG_Keywords.Groups_Keyword" time="22.966" errors="0" timestamp="2022-10-08T17:38:45 IST" skipped="0">
  <testcase classname="TestNG_Keywords.Groups_Keyword" name="Kite_Logo_Test" time="7.891"/>
  <system-out/>
  <testcase classname="TestNG_Keywords.Groups_Keyword" name="Forget_User_Test" time="6.643"/>
  <system-out/>
  <testcase classname="TestNG_Keywords.Groups_Keyword" name="Kite_Login_Title" time="8.432"/>
  <system-out/>
</testsuite> <!-- TestNG_Keywords.Groups_Keyword -->
