<?xml version="1.0" encoding="UTF-8"?>
<!-- Generated by org.testng.reporters.JUnitReportReporter -->
<testsuite hostname="DESKTOP-3JCFL5N" failures="0" tests="1" name="Assertion.Hard_Assert" time="8.112" errors="0" timestamp="2022-10-09T13:50:47 IST" skipped="0">
  <testcase classname="Assertion.Hard_Assert" name="UserName" time="8.112"/>
  <system-out/>
</testsuite> <!-- Assertion.Hard_Assert -->
